<?xml version="1.0" encoding="UTF-8"?>
<!-- Generated by org.testng.reporters.JUnitXMLReporter -->
<testsuite hostname="Sudesh" name="Default test" tests="4" failures="0" timestamp="6 Jun 2022 07:31:01 GMT" time="0.026" errors="0">
  <testcase name="whatsAppStatus" time="0.015" classname="testNg.Priority"/>
  <testcase name="whatsAppStatus" time="0.0" classname="testNg.Priority"/>
  <testcase name="whatsAppStatus" time="0.0" classname="testNg.Priority"/>
  <testcase name="AhatsAppCall" time="0.011" classname="testNg.Priority"/>
</testsuite> <!-- Default test -->
